<?xml version="1.0" encoding="UTF-8"?>
<!-- Generated by org.testng.reporters.JUnitXMLReporter -->
<testsuite ignored="0" hostname="Raneem-Badran" failures="0" tests="3" name="Default test" time="4.036" errors="0" timestamp="2024-12-04T23:27:58 GMT+03:00">
  <testcase classname="myTestCases" name="Log_in" time="0.415"/>
  <testcase classname="myTestCases" name="VarifyThatTHewordProductsIsThere" time="0.045"/>
  <testcase classname="myTestCases" name="SortingItems" time="1.443"/>
</testsuite> <!-- Default test -->
