<?xml version="1.0" encoding="UTF-8"?>
<testng-results ignored="0" total="3" passed="3" failed="0" skipped="0">
  <reporter-output>
  </reporter-output>
  <suite started-at="2024-12-04T23:27:54 GMT+03:00" name="Default suite" finished-at="2024-12-04T23:27:58 GMT+03:00" duration-ms="4036">
    <groups>
    </groups>
    <test started-at="2024-12-04T23:27:54 GMT+03:00" name="Default test" finished-at="2024-12-04T23:27:58 GMT+03:00" duration-ms="4036">
      <class name="myTestCases">
        <test-method is-config="true" signature="setup()[pri:0, instance:myTestCases@31000e60]" started-at="2024-12-04T23:27:54 GMT+03:00" name="setup" finished-at="2024-12-04T23:27:56 GMT+03:00" duration-ms="2087" status="PASS">
          <reporter-output>
          </reporter-output>
        </test-method> <!-- setup -->
        <test-method signature="Log_in()[pri:1, instance:myTestCases@31000e60]" started-at="2024-12-04T23:27:56 GMT+03:00" name="Log_in" finished-at="2024-12-04T23:27:57 GMT+03:00" duration-ms="415" status="PASS">
          <reporter-output>
          </reporter-output>
        </test-method> <!-- Log_in -->
        <test-method signature="VarifyThatTHewordProductsIsThere()[pri:2, instance:myTestCases@31000e60]" started-at="2024-12-04T23:27:57 GMT+03:00" name="VarifyThatTHewordProductsIsThere" finished-at="2024-12-04T23:27:57 GMT+03:00" duration-ms="45" status="PASS">
          <reporter-output>
          </reporter-output>
        </test-method> <!-- VarifyThatTHewordProductsIsThere -->
        <test-method signature="SortingItems()[pri:3, instance:myTestCases@31000e60]" started-at="2024-12-04T23:27:57 GMT+03:00" name="SortingItems" finished-at="2024-12-04T23:27:58 GMT+03:00" duration-ms="1443" status="PASS">
          <reporter-output>
          </reporter-output>
        </test-method> <!-- SortingItems -->
      </class> <!-- myTestCases -->
    </test> <!-- Default test -->
  </suite> <!-- Default suite -->
</testng-results>
